This is pdfTeX, Version 3.141592653-2.6-1.40.24 (TeX Live 2022) (preloaded format=pdflatex 2022.11.4)  1 DEC 2022 02:16
entering extended mode
 restricted \write18 enabled.
 %&-line parsing enabled.
**"C:/Users/fagyemang/OneDrive - University of Nebraska-Lincoln/Desktop/Semester 1 Grad/stat 850/fagyemang2.github.io/FrankAgyemangCV.tex"
(c:/Users/fagyemang/OneDrive - University of Nebraska-Lincoln/Desktop/Semester 1 Grad/stat 850/fagyemang2.github.io/FrankAgyemangCV.tex
LaTeX2e <2022-11-01>
L3 programming layer <2022-11-02> (c:/Users/fagyemang/AppData/Roaming/TinyTeX/texmf-dist/tex/latex/moderncv/moderncv.cls
Document Class: moderncv 2022-02-21 v2.3.1 modern curriculum vitae and letter document class
(c:/Users/fagyemang/AppData/Roaming/TinyTeX/texmf-dist/tex/latex/base/size11.clo
File: size11.clo 2022/07/02 v1.4n Standard LaTeX file (size option)
) (c:/Users/fagyemang/AppData/Roaming/TinyTeX/texmf-dist/tex/latex/etoolbox/etoolbox.sty
Package: etoolbox 2020/10/05 v2.5k e-TeX tools for LaTeX (JAW)
\etb@tempcnta=\count185
) (c:/Users/fagyemang/AppData/Roaming/TinyTeX/texmf-dist/tex/latex/base/ifthen.sty
Package: ifthen 2022/04/13 v1.1d Standard LaTeX ifthen package (DPC)
) (c:/Users/fagyemang/AppData/Roaming/TinyTeX/texmf-dist/tex/latex/xcolor/xcolor.sty
Package: xcolor 2022/06/12 v2.14 LaTeX color extensions (UK)
(c:/Users/fagyemang/AppData/Roaming/TinyTeX/texmf-dist/tex/latex/graphics-cfg/color.cfg
File: color.cfg 2016/01/02 v1.6 sample color configuration
)
Package xcolor Info: Driver file: pdftex.def on input line 227.
(c:/Users/fagyemang/AppData/Roaming/TinyTeX/texmf-dist/tex/latex/graphics-def/pdftex.def
File: pdftex.def 2022/09/22 v1.2b Graphics/color driver for pdftex
) (c:/Users/fagyemang/AppData/Roaming/TinyTeX/texmf-dist/tex/latex/colortbl/colortbl.sty
Package: colortbl 2022/06/20 v1.0f Color table columns (DPC)
(c:/Users/fagyemang/AppData/Roaming/TinyTeX/texmf-dist/tex/latex/tools/array.sty
Package: array 2022/09/04 v2.5g Tabular extension package (FMi)
\col@sep=\dimen140
\ar@mcellbox=\box51
\extrarowheight=\dimen141
\NC@list=\toks16
\extratabsurround=\skip47
\backup@length=\skip48
\ar@cellbox=\box52
)
\everycr=\toks17
\minrowclearance=\skip49
\rownum=\count186
) (c:/Users/fagyemang/AppData/Roaming/TinyTeX/texmf-dist/tex/latex/graphics/mathcolor.ltx)
Package xcolor Info: Model `cmy' substituted by `cmy0' on input line 1353.
Package xcolor Info: Model `hsb' substituted by `rgb' on input line 1357.
Package xcolor Info: Model `RGB' extended on input line 1369.
Package xcolor Info: Model `HTML' substituted by `rgb' on input line 1371.
Package xcolor Info: Model `Hsb' substituted by `hsb' on input line 1372.
Package xcolor Info: Model `tHsb' substituted by `hsb' on input line 1373.
Package xcolor Info: Model `HSB' substituted by `hsb' on input line 1374.
Package xcolor Info: Model `Gray' substituted by `gray' on input line 1375.
Package xcolor Info: Model `wave' substituted by `hsb' on input line 1376.
) (c:/Users/fagyemang/AppData/Roaming/TinyTeX/texmf-dist/tex/generic/iftex/iftex.sty
Package: iftex 2022/02/03 v1.0f TeX engine tests
) (c:/Users/fagyemang/AppData/Roaming/TinyTeX/texmf-dist/tex/latex/url/url.sty
\Urlmuskip=\muskip16
Package: url 2013/09/16  ver 3.4  Verb mode for urls, etc.
) (c:/Users/fagyemang/AppData/Roaming/TinyTeX/texmf-dist/tex/latex/graphics/graphicx.sty
Package: graphicx 2021/09/16 v1.2d Enhanced LaTeX Graphics (DPC,SPQR)
(c:/Users/fagyemang/AppData/Roaming/TinyTeX/texmf-dist/tex/latex/graphics/keyval.sty
Package: keyval 2022/05/29 v1.15 key=value parser (DPC)
\KV@toks@=\toks18
) (c:/Users/fagyemang/AppData/Roaming/TinyTeX/texmf-dist/tex/latex/graphics/graphics.sty
Package: graphics 2022/03/10 v1.4e Standard LaTeX Graphics (DPC,SPQR)
(c:/Users/fagyemang/AppData/Roaming/TinyTeX/texmf-dist/tex/latex/graphics/trig.sty
Package: trig 2021/08/11 v1.11 sin cos tan (DPC)
) (c:/Users/fagyemang/AppData/Roaming/TinyTeX/texmf-dist/tex/latex/graphics-cfg/graphics.cfg
File: graphics.cfg 2016/06/04 v1.11 sample graphics configuration
)
Package graphics Info: Driver file: pdftex.def on input line 107.
)
\Gin@req@height=\dimen142
\Gin@req@width=\dimen143
) (c:/Users/fagyemang/AppData/Roaming/TinyTeX/texmf-dist/tex/latex/fancyhdr/fancyhdr.sty
Package: fancyhdr 2022/11/09 v4.1 Extensive control of page headers and footers
\f@nch@headwidth=\skip50
\f@nch@O@elh=\skip51
\f@nch@O@erh=\skip52
\f@nch@O@olh=\skip53
\f@nch@O@orh=\skip54
\f@nch@O@elf=\skip55
\f@nch@O@erf=\skip56
\f@nch@O@olf=\skip57
\f@nch@O@orf=\skip58
) (c:/Users/fagyemang/AppData/Roaming/TinyTeX/texmf-dist/tex/latex/moderncv/tweaklist.sty) (c:/Users/fagyemang/AppData/Roaming/TinyTeX/texmf-dist/tex/latex/tools/calc.sty
Package: calc 2017/05/25 v4.3 Infix arithmetic (KKT,FJ)
\calc@Acount=\count187
\calc@Bcount=\count188
\calc@Adimen=\dimen144
\calc@Bdimen=\dimen145
\calc@Askip=\skip59
\calc@Bskip=\skip60
LaTeX Info: Redefining \setlength on input line 80.
LaTeX Info: Redefining \addtolength on input line 81.
\calc@Ccount=\count189
\calc@Cskip=\skip61
) (c:/Users/fagyemang/AppData/Roaming/TinyTeX/texmf-dist/tex/latex/l3packages/xparse/xparse.sty (c:/Users/fagyemang/AppData/Roaming/TinyTeX/texmf-dist/tex/latex/l3kernel/expl3.sty
Package: expl3 2022-11-02 L3 programming layer (loader) 
(c:/Users/fagyemang/AppData/Roaming/TinyTeX/texmf-dist/tex/latex/l3backend/l3backend-pdftex.def
File: l3backend-pdftex.def 2022-10-26 L3 backend support: PDF output (pdfTeX)
\l__color_backend_stack_int=\count190
\l__pdf_internal_box=\box53
))
Package: xparse 2022-06-22 L3 Experimental document command parser
) (c:/Users/fagyemang/AppData/Roaming/TinyTeX/texmf-dist/tex/latex/microtype/microtype.sty
Package: microtype 2022/06/23 v3.0f Micro-typographical refinements (RS)
\MT@toks=\toks19
\MT@tempbox=\box54
\MT@count=\count191
LaTeX Info: Redefining \noprotrusionifhmode on input line 1045.
LaTeX Info: Redefining \leftprotrusion on input line 1046.
LaTeX Info: Redefining \rightprotrusion on input line 1056.
LaTeX Info: Redefining \textls on input line 1234.
\MT@outer@kern=\dimen146
LaTeX Info: Redefining \textmicrotypecontext on input line 1858.
\MT@listname@count=\count192
(c:/Users/fagyemang/AppData/Roaming/TinyTeX/texmf-dist/tex/latex/microtype/microtype-pdftex.def
File: microtype-pdftex.def 2022/06/23 v3.0f Definitions specific to pdftex (RS)
LaTeX Info: Redefining \lsstyle on input line 900.
LaTeX Info: Redefining \lslig on input line 900.
\MT@outer@space=\skip62
)
Package microtype Info: Loading configuration file microtype.cfg.
(c:/Users/fagyemang/AppData/Roaming/TinyTeX/texmf-dist/tex/latex/microtype/microtype.cfg
File: microtype.cfg 2022/06/23 v3.0f microtype main configuration file (RS)
)) (c:/Users/fagyemang/AppData/Roaming/TinyTeX/texmf-dist/tex/latex/moderncv/moderncvcollection.sty
Package: moderncvcollection 2022-02-21 v2.3.1 moderncv collections
\c@collection@iterator=\count193
) (c:/Users/fagyemang/AppData/Roaming/TinyTeX/texmf-dist/tex/latex/moderncv/moderncvcompatibility.sty
Package: moderncvcompatibility 2022-02-21 v2.3.1 modern curriculum vitae and letter compatibility patches
)
\c@collection@phones@count=\count194
\c@collection@socials@count=\count195
\c@cvcolumnscounter=\count196
\c@cvcolumnsautowidthcounter=\count197
\c@tmpiteratorcounter=\count198
\cvcolumnsdummywidth=\skip63
\cvcolumnswidth=\skip64
\cvcolumnsautowidth=\skip65
\cvcolumnautowidth=\skip66
\bibindent=\skip67
) (c:/Users/fagyemang/AppData/Roaming/TinyTeX/texmf-dist/tex/latex/framed/framed.sty
Package: framed 2011/10/22 v 0.96: framed or shaded text with page breaks
\OuterFrameSep=\skip68
\fb@frw=\dimen147
\fb@frh=\dimen148
\FrameRule=\dimen149
\FrameSep=\dimen150
) (c:/Users/fagyemang/AppData/Roaming/TinyTeX/texmf-dist/tex/latex/base/alltt.sty
Package: alltt 2021/01/29 v2.0g defines alltt environment
) (c:/Users/fagyemang/AppData/Roaming/TinyTeX/texmf-dist/tex/latex/moderncv/moderncvstylecasual.sty
Package: moderncvstylecasual 2022-02-21 v2.3.1 modern curriculum vitae and letter style scheme: casual
(c:/Users/fagyemang/AppData/Roaming/TinyTeX/texmf-dist/tex/latex/moderncv/moderncviconssymbols.sty
Package: moderncviconssymbols 2021-12-12 v2.2.0 modern curriculum vitae icons selector

Class moderncv Warning: "academicons requires xetex/luatex to work. Using alternatives.".

(c:/Users/fagyemang/AppData/Roaming/TinyTeX/texmf-dist/tex/latex/moderncv/moderncviconsawesome.sty
Package: moderncviconsawesome 2022-02-21 v2.3.1 modern curriculum vitae icons: awesome
(c:/Users/fagyemang/AppData/Roaming/TinyTeX/texmf-dist/tex/latex/fontawesome5/fontawesome5.sty
Package: fontawesome5 2022/05/02 v5.15.4 Font Awesome 5
(c:/Users/fagyemang/AppData/Roaming/TinyTeX/texmf-dist/tex/latex/l3packages/l3keys2e/l3keys2e.sty
Package: l3keys2e 2022-06-22 LaTeX2e option processing using LaTeX3 keys
) (c:/Users/fagyemang/AppData/Roaming/TinyTeX/texmf-dist/tex/latex/fontawesome5/fontawesome5-generic-helper.sty
Package: fontawesome5-generic-helper 2022/05/02 v5.15.4 non-uTeX helper for fontawesome5
(c:/Users/fagyemang/AppData/Roaming/TinyTeX/texmf-dist/tex/latex/fontawesome5/fontawesome5-mapping.def)))) (c:/Users/fagyemang/AppData/Roaming/TinyTeX/texmf-dist/tex/latex/moderncv/moderncviconstikz.sty
Package: moderncviconstikz 2022-02-21 v2.3.1 modern curriculum vitae and letter icons: tickz
(c:/Users/fagyemang/AppData/Roaming/TinyTeX/texmf-dist/tex/latex/pgf/frontendlayer/tikz.sty (c:/Users/fagyemang/AppData/Roaming/TinyTeX/texmf-dist/tex/latex/pgf/basiclayer/pgf.sty (c:/Users/fagyemang/AppData/Roaming/TinyTeX/texmf-dist/tex/latex/pgf/utilities/pgfrcs.sty (c:/Users/fagyemang/AppData/Roaming/TinyTeX/texmf-dist/tex/generic/pgf/utilities/pgfutil-common.tex
\pgfutil@everybye=\toks20
\pgfutil@tempdima=\dimen151
\pgfutil@tempdimb=\dimen152
(c:/Users/fagyemang/AppData/Roaming/TinyTeX/texmf-dist/tex/generic/pgf/utilities/pgfutil-common-lists.tex)) (c:/Users/fagyemang/AppData/Roaming/TinyTeX/texmf-dist/tex/generic/pgf/utilities/pgfutil-latex.def
\pgfutil@abb=\box55
) (c:/Users/fagyemang/AppData/Roaming/TinyTeX/texmf-dist/tex/generic/pgf/utilities/pgfrcs.code.tex (c:/Users/fagyemang/AppData/Roaming/TinyTeX/texmf-dist/tex/generic/pgf/pgf.revision.tex)
Package: pgfrcs 2021/05/15 v3.1.9a (3.1.9a)
))
Package: pgf 2021/05/15 v3.1.9a (3.1.9a)
(c:/Users/fagyemang/AppData/Roaming/TinyTeX/texmf-dist/tex/latex/pgf/basiclayer/pgfcore.sty (c:/Users/fagyemang/AppData/Roaming/TinyTeX/texmf-dist/tex/latex/pgf/systemlayer/pgfsys.sty (c:/Users/fagyemang/AppData/Roaming/TinyTeX/texmf-dist/tex/generic/pgf/systemlayer/pgfsys.code.tex
Package: pgfsys 2021/05/15 v3.1.9a (3.1.9a)
(c:/Users/fagyemang/AppData/Roaming/TinyTeX/texmf-dist/tex/generic/pgf/utilities/pgfkeys.code.tex
\pgfkeys@pathtoks=\toks21
\pgfkeys@temptoks=\toks22
(c:/Users/fagyemang/AppData/Roaming/TinyTeX/texmf-dist/tex/generic/pgf/utilities/pgfkeysfiltered.code.tex
\pgfkeys@tmptoks=\toks23
))
\pgf@x=\dimen153
\pgf@y=\dimen154
\pgf@xa=\dimen155
\pgf@ya=\dimen156
\pgf@xb=\dimen157
\pgf@yb=\dimen158
\pgf@xc=\dimen159
\pgf@yc=\dimen160
\pgf@xd=\dimen161
\pgf@yd=\dimen162
\w@pgf@writea=\write3
\r@pgf@reada=\read2
\c@pgf@counta=\count199
\c@pgf@countb=\count266
\c@pgf@countc=\count267
\c@pgf@countd=\count268
\t@pgf@toka=\toks24
\t@pgf@tokb=\toks25
\t@pgf@tokc=\toks26
\pgf@sys@id@count=\count269
(c:/Users/fagyemang/AppData/Roaming/TinyTeX/texmf-dist/tex/generic/pgf/systemlayer/pgf.cfg
File: pgf.cfg 2021/05/15 v3.1.9a (3.1.9a)
)
Driver file for pgf: pgfsys-pdftex.def
(c:/Users/fagyemang/AppData/Roaming/TinyTeX/texmf-dist/tex/generic/pgf/systemlayer/pgfsys-pdftex.def
File: pgfsys-pdftex.def 2021/05/15 v3.1.9a (3.1.9a)
(c:/Users/fagyemang/AppData/Roaming/TinyTeX/texmf-dist/tex/generic/pgf/systemlayer/pgfsys-common-pdf.def
File: pgfsys-common-pdf.def 2021/05/15 v3.1.9a (3.1.9a)
))) (c:/Users/fagyemang/AppData/Roaming/TinyTeX/texmf-dist/tex/generic/pgf/systemlayer/pgfsyssoftpath.code.tex
File: pgfsyssoftpath.code.tex 2021/05/15 v3.1.9a (3.1.9a)
\pgfsyssoftpath@smallbuffer@items=\count270
\pgfsyssoftpath@bigbuffer@items=\count271
) (c:/Users/fagyemang/AppData/Roaming/TinyTeX/texmf-dist/tex/generic/pgf/systemlayer/pgfsysprotocol.code.tex
File: pgfsysprotocol.code.tex 2021/05/15 v3.1.9a (3.1.9a)
)) (c:/Users/fagyemang/AppData/Roaming/TinyTeX/texmf-dist/tex/generic/pgf/basiclayer/pgfcore.code.tex
Package: pgfcore 2021/05/15 v3.1.9a (3.1.9a)
(c:/Users/fagyemang/AppData/Roaming/TinyTeX/texmf-dist/tex/generic/pgf/math/pgfmath.code.tex (c:/Users/fagyemang/AppData/Roaming/TinyTeX/texmf-dist/tex/generic/pgf/math/pgfmathcalc.code.tex (c:/Users/fagyemang/AppData/Roaming/TinyTeX/texmf-dist/tex/generic/pgf/math/pgfmathutil.code.tex) (c:/Users/fagyemang/AppData/Roaming/TinyTeX/texmf-dist/tex/generic/pgf/math/pgfmathparser.code.tex
\pgfmath@dimen=\dimen163
\pgfmath@count=\count272
\pgfmath@box=\box56
\pgfmath@toks=\toks27
\pgfmath@stack@operand=\toks28
\pgfmath@stack@operation=\toks29
) (c:/Users/fagyemang/AppData/Roaming/TinyTeX/texmf-dist/tex/generic/pgf/math/pgfmathfunctions.code.tex (c:/Users/fagyemang/AppData/Roaming/TinyTeX/texmf-dist/tex/generic/pgf/math/pgfmathfunctions.basic.code.tex) (c:/Users/fagyemang/AppData/Roaming/TinyTeX/texmf-dist/tex/generic/pgf/math/pgfmathfunctions.trigonometric.code.tex) (c:/Users/fagyemang/AppData/Roaming/TinyTeX/texmf-dist/tex/generic/pgf/math/pgfmathfunctions.random.code.tex) (c:/Users/fagyemang/AppData/Roaming/TinyTeX/texmf-dist/tex/generic/pgf/math/pgfmathfunctions.comparison.code.tex) (c:/Users/fagyemang/AppData/Roaming/TinyTeX/texmf-dist/tex/generic/pgf/math/pgfmathfunctions.base.code.tex) (c:/Users/fagyemang/AppData/Roaming/TinyTeX/texmf-dist/tex/generic/pgf/math/pgfmathfunctions.round.code.tex) (c:/Users/fagyemang/AppData/Roaming/TinyTeX/texmf-dist/tex/generic/pgf/math/pgfmathfunctions.misc.code.tex) (c:/Users/fagyemang/AppData/Roaming/TinyTeX/texmf-dist/tex/generic/pgf/math/pgfmathfunctions.integerarithmetics.code.tex))) (c:/Users/fagyemang/AppData/Roaming/TinyTeX/texmf-dist/tex/generic/pgf/math/pgfmathfloat.code.tex
\c@pgfmathroundto@lastzeros=\count273
)) (c:/Users/fagyemang/AppData/Roaming/TinyTeX/texmf-dist/tex/generic/pgf/math/pgfint.code.tex) (c:/Users/fagyemang/AppData/Roaming/TinyTeX/texmf-dist/tex/generic/pgf/basiclayer/pgfcorepoints.code.tex
File: pgfcorepoints.code.tex 2021/05/15 v3.1.9a (3.1.9a)
\pgf@picminx=\dimen164
\pgf@picmaxx=\dimen165
\pgf@picminy=\dimen166
\pgf@picmaxy=\dimen167
\pgf@pathminx=\dimen168
\pgf@pathmaxx=\dimen169
\pgf@pathminy=\dimen170
\pgf@pathmaxy=\dimen171
\pgf@xx=\dimen172
\pgf@xy=\dimen173
\pgf@yx=\dimen174
\pgf@yy=\dimen175
\pgf@zx=\dimen176
\pgf@zy=\dimen177
) (c:/Users/fagyemang/AppData/Roaming/TinyTeX/texmf-dist/tex/generic/pgf/basiclayer/pgfcorepathconstruct.code.tex
File: pgfcorepathconstruct.code.tex 2021/05/15 v3.1.9a (3.1.9a)
\pgf@path@lastx=\dimen178
\pgf@path@lasty=\dimen179
) (c:/Users/fagyemang/AppData/Roaming/TinyTeX/texmf-dist/tex/generic/pgf/basiclayer/pgfcorepathusage.code.tex
File: pgfcorepathusage.code.tex 2021/05/15 v3.1.9a (3.1.9a)
\pgf@shorten@end@additional=\dimen180
\pgf@shorten@start@additional=\dimen181
) (c:/Users/fagyemang/AppData/Roaming/TinyTeX/texmf-dist/tex/generic/pgf/basiclayer/pgfcorescopes.code.tex
File: pgfcorescopes.code.tex 2021/05/15 v3.1.9a (3.1.9a)
\pgfpic=\box57
\pgf@hbox=\box58
\pgf@layerbox@main=\box59
\pgf@picture@serial@count=\count274
) (c:/Users/fagyemang/AppData/Roaming/TinyTeX/texmf-dist/tex/generic/pgf/basiclayer/pgfcoregraphicstate.code.tex
File: pgfcoregraphicstate.code.tex 2021/05/15 v3.1.9a (3.1.9a)
\pgflinewidth=\dimen182
) (c:/Users/fagyemang/AppData/Roaming/TinyTeX/texmf-dist/tex/generic/pgf/basiclayer/pgfcoretransformations.code.tex
File: pgfcoretransformations.code.tex 2021/05/15 v3.1.9a (3.1.9a)
\pgf@pt@x=\dimen183
\pgf@pt@y=\dimen184
\pgf@pt@temp=\dimen185
) (c:/Users/fagyemang/AppData/Roaming/TinyTeX/texmf-dist/tex/generic/pgf/basiclayer/pgfcorequick.code.tex
File: pgfcorequick.code.tex 2021/05/15 v3.1.9a (3.1.9a)
) (c:/Users/fagyemang/AppData/Roaming/TinyTeX/texmf-dist/tex/generic/pgf/basiclayer/pgfcoreobjects.code.tex
File: pgfcoreobjects.code.tex 2021/05/15 v3.1.9a (3.1.9a)
) (c:/Users/fagyemang/AppData/Roaming/TinyTeX/texmf-dist/tex/generic/pgf/basiclayer/pgfcorepathprocessing.code.tex
File: pgfcorepathprocessing.code.tex 2021/05/15 v3.1.9a (3.1.9a)
) (c:/Users/fagyemang/AppData/Roaming/TinyTeX/texmf-dist/tex/generic/pgf/basiclayer/pgfcorearrows.code.tex
File: pgfcorearrows.code.tex 2021/05/15 v3.1.9a (3.1.9a)
\pgfarrowsep=\dimen186
) (c:/Users/fagyemang/AppData/Roaming/TinyTeX/texmf-dist/tex/generic/pgf/basiclayer/pgfcoreshade.code.tex
File: pgfcoreshade.code.tex 2021/05/15 v3.1.9a (3.1.9a)
\pgf@max=\dimen187
\pgf@sys@shading@range@num=\count275
\pgf@shadingcount=\count276
) (c:/Users/fagyemang/AppData/Roaming/TinyTeX/texmf-dist/tex/generic/pgf/basiclayer/pgfcoreimage.code.tex
File: pgfcoreimage.code.tex 2021/05/15 v3.1.9a (3.1.9a)
(c:/Users/fagyemang/AppData/Roaming/TinyTeX/texmf-dist/tex/generic/pgf/basiclayer/pgfcoreexternal.code.tex
File: pgfcoreexternal.code.tex 2021/05/15 v3.1.9a (3.1.9a)
\pgfexternal@startupbox=\box60
)) (c:/Users/fagyemang/AppData/Roaming/TinyTeX/texmf-dist/tex/generic/pgf/basiclayer/pgfcorelayers.code.tex
File: pgfcorelayers.code.tex 2021/05/15 v3.1.9a (3.1.9a)
) (c:/Users/fagyemang/AppData/Roaming/TinyTeX/texmf-dist/tex/generic/pgf/basiclayer/pgfcoretransparency.code.tex
File: pgfcoretransparency.code.tex 2021/05/15 v3.1.9a (3.1.9a)
) (c:/Users/fagyemang/AppData/Roaming/TinyTeX/texmf-dist/tex/generic/pgf/basiclayer/pgfcorepatterns.code.tex
File: pgfcorepatterns.code.tex 2021/05/15 v3.1.9a (3.1.9a)
) (c:/Users/fagyemang/AppData/Roaming/TinyTeX/texmf-dist/tex/generic/pgf/basiclayer/pgfcorerdf.code.tex
File: pgfcorerdf.code.tex 2021/05/15 v3.1.9a (3.1.9a)
))) (c:/Users/fagyemang/AppData/Roaming/TinyTeX/texmf-dist/tex/generic/pgf/modules/pgfmoduleshapes.code.tex
File: pgfmoduleshapes.code.tex 2021/05/15 v3.1.9a (3.1.9a)
\pgfnodeparttextbox=\box61
) (c:/Users/fagyemang/AppData/Roaming/TinyTeX/texmf-dist/tex/generic/pgf/modules/pgfmoduleplot.code.tex
File: pgfmoduleplot.code.tex 2021/05/15 v3.1.9a (3.1.9a)
) (c:/Users/fagyemang/AppData/Roaming/TinyTeX/texmf-dist/tex/latex/pgf/compatibility/pgfcomp-version-0-65.sty
Package: pgfcomp-version-0-65 2021/05/15 v3.1.9a (3.1.9a)
\pgf@nodesepstart=\dimen188
\pgf@nodesepend=\dimen189
) (c:/Users/fagyemang/AppData/Roaming/TinyTeX/texmf-dist/tex/latex/pgf/compatibility/pgfcomp-version-1-18.sty
Package: pgfcomp-version-1-18 2021/05/15 v3.1.9a (3.1.9a)
)) (c:/Users/fagyemang/AppData/Roaming/TinyTeX/texmf-dist/tex/latex/pgf/utilities/pgffor.sty (c:/Users/fagyemang/AppData/Roaming/TinyTeX/texmf-dist/tex/latex/pgf/utilities/pgfkeys.sty (c:/Users/fagyemang/AppData/Roaming/TinyTeX/texmf-dist/tex/generic/pgf/utilities/pgfkeys.code.tex)) (c:/Users/fagyemang/AppData/Roaming/TinyTeX/texmf-dist/tex/latex/pgf/math/pgfmath.sty (c:/Users/fagyemang/AppData/Roaming/TinyTeX/texmf-dist/tex/generic/pgf/math/pgfmath.code.tex)) (c:/Users/fagyemang/AppData/Roaming/TinyTeX/texmf-dist/tex/generic/pgf/utilities/pgffor.code.tex
Package: pgffor 2021/05/15 v3.1.9a (3.1.9a)
(c:/Users/fagyemang/AppData/Roaming/TinyTeX/texmf-dist/tex/generic/pgf/math/pgfmath.code.tex)
\pgffor@iter=\dimen190
\pgffor@skip=\dimen191
\pgffor@stack=\toks30
\pgffor@toks=\toks31
)) (c:/Users/fagyemang/AppData/Roaming/TinyTeX/texmf-dist/tex/generic/pgf/frontendlayer/tikz/tikz.code.tex
Package: tikz 2021/05/15 v3.1.9a (3.1.9a)
(c:/Users/fagyemang/AppData/Roaming/TinyTeX/texmf-dist/tex/generic/pgf/libraries/pgflibraryplothandlers.code.tex
File: pgflibraryplothandlers.code.tex 2021/05/15 v3.1.9a (3.1.9a)
\pgf@plot@mark@count=\count277
\pgfplotmarksize=\dimen192
)
\tikz@lastx=\dimen193
\tikz@lasty=\dimen194
\tikz@lastxsaved=\dimen195
\tikz@lastysaved=\dimen196
\tikz@lastmovetox=\dimen197
\tikz@lastmovetoy=\dimen198
\tikzleveldistance=\dimen199
\tikzsiblingdistance=\dimen256
\tikz@figbox=\box62
\tikz@figbox@bg=\box63
\tikz@tempbox=\box64
\tikz@tempbox@bg=\box65
\tikztreelevel=\count278
\tikznumberofchildren=\count279
\tikznumberofcurrentchild=\count280
\tikz@fig@count=\count281
(c:/Users/fagyemang/AppData/Roaming/TinyTeX/texmf-dist/tex/generic/pgf/modules/pgfmodulematrix.code.tex
File: pgfmodulematrix.code.tex 2021/05/15 v3.1.9a (3.1.9a)
\pgfmatrixcurrentrow=\count282
\pgfmatrixcurrentcolumn=\count283
\pgf@matrix@numberofcolumns=\count284
)
\tikz@expandcount=\count285
(c:/Users/fagyemang/AppData/Roaming/TinyTeX/texmf-dist/tex/generic/pgf/frontendlayer/tikz/libraries/tikzlibrarytopaths.code.tex
File: tikzlibrarytopaths.code.tex 2021/05/15 v3.1.9a (3.1.9a)
))))) (c:/Users/fagyemang/AppData/Roaming/TinyTeX/texmf-dist/tex/latex/moderncv/moderncvheadii.sty
Package: moderncvheadii 2022-02-21 v2.3.1 modern curriculum vitae and letter header variant: 2
\makeheaddetailsbox=\box66
\makeheaddetailstempbox=\box67
\makeheaddetailswidth=\skip69
\makeheaddetailsboxwidth=\skip70
\quotewidth=\skip71
) (c:/Users/fagyemang/AppData/Roaming/TinyTeX/texmf-dist/tex/latex/moderncv/moderncvbodyi.sty
Package: moderncvbodyi 2022-02-21 v2.3.1 modern curriculum vitae and letter body variant: 1
(c:/Users/fagyemang/AppData/Roaming/TinyTeX/texmf-dist/tex/latex/moderncv/moderncvskillmatrix.sty
Package: moderncvskillmatrix 2022-02-21 v2.3.1 modern curriculum vitae and letter skill matrix
(c:/Users/fagyemang/AppData/Roaming/TinyTeX/texmf-dist/tex/latex/multirow/multirow.sty
Package: multirow 2021/03/15 v2.8 Span multiple rows of a table
\multirow@colwidth=\skip72
\multirow@cntb=\count286
\multirow@dima=\skip73
\bigstrutjot=\dimen257
) (c:/Users/fagyemang/AppData/Roaming/TinyTeX/texmf-dist/tex/latex/arydshln/arydshln.sty
Package: arydshln 2019/02/21 v1.76 
\dashlinedash=\dimen258
\dashlinegap=\dimen259
\adl@box=\box68
\adl@height=\dimen260
\adl@heightsave=\dimen261
\adl@depth=\dimen262
\adl@depthsave=\dimen263
\adl@finaldepth=\dimen264
\adl@columns=\count287
\adl@ncol=\count288
\adl@currentcolumn=\count289
\adl@currentcolumnsave=\count290
\adl@totalheight=\count291
\adl@totalheightsave=\count292
\adl@dash=\count293
\adl@gap=\count294
\adl@cla=\count295
\adl@clb=\count296
\adl@everyvbox=\toks32
\adl@LTpagetotal=\dimen265
)
\cvSkill@RectangleSize=\skip74
\my@repeat@count=\count297
\cvskill@width=\skip75
\cvskill@descriptorwidth=\skip76
\cvskill@experiencewidth=\skip77
\skillmatrix@columnwidth=\skip78
\skillmatrix@commentwidth=\skip79
\skillmatrix@padding=\skip80
\skillmatrix@hintscolumnwidth=\skip81
\skillmatrix@bodylength=\skip82
\cvskilllegend@leftdescriptorwidth=\skip83
\cvskilllegend@rightdescriptorwidth=\skip84
\skilllegend@hintscolumnwidth=\skip85
\skilllegend@padding=\skip86
\skilllegend@bodylength=\skip87
\separatorrulewidth=\skip88
)
\hintscolumnwidth=\skip89
\separatorcolumnwidth=\skip90
\maincolumnwidth=\skip91
\doubleitemcolumnwidth=\skip92
\listitemsymbolwidth=\skip93
LaTeX Font Info:    Trying to load font information for U+fontawesomefree0 on input line 48.
(c:/Users/fagyemang/AppData/Roaming/TinyTeX/texmf-dist/tex/latex/fontawesome5/ufontawesomefree0.fd)
\listitemcolumnwidth=\skip94
\listdoubleitemcolumnwidth=\skip95
\baseletterheight=\skip96
\cvitemwithcommentbox=\box69
\cvitemwithcommentskilllength=\skip97
\cvitemwithcommentcommentlength=\skip98
) (c:/Users/fagyemang/AppData/Roaming/TinyTeX/texmf-dist/tex/latex/moderncv/moderncvfooti.sty
Package: moderncvfooti 2022-02-21 v2.3.1 modern curriculum vitae and letter footer variant: 1
\footwidth=\skip99
\footbox=\box70
\foottempbox=\box71
\footboxwidth=\skip100
)) (c:/Users/fagyemang/AppData/Roaming/TinyTeX/texmf-dist/tex/latex/moderncv/moderncvcolorblue.sty
Package: moderncvcolorblue 2022-02-21 v2.3.1 modern curriculum vitae and letter color scheme: blue
) (c:/Users/fagyemang/AppData/Roaming/TinyTeX/texmf-dist/tex/latex/lipsum/lipsum.sty
Package: lipsum 2021-09-20 v2.7 150 paragraphs of Lorem Ipsum dummy text
\g__lipsum_par_int=\count298
\l__lipsum_a_int=\count299
\l__lipsum_b_int=\count300
(c:/Users/fagyemang/AppData/Roaming/TinyTeX/texmf-dist/tex/latex/lipsum/lipsum.ltd.tex)) (c:/Users/fagyemang/AppData/Roaming/TinyTeX/texmf-dist/tex/latex/geometry/geometry.sty
Package: geometry 2020/01/02 v5.9 Page Geometry
(c:/Users/fagyemang/AppData/Roaming/TinyTeX/texmf-dist/tex/generic/iftex/ifvtex.sty
Package: ifvtex 2019/10/25 v1.7 ifvtex legacy package. Use iftex instead.
)
\Gm@cnth=\count301
\Gm@cntv=\count302
\c@Gm@tempcnt=\count303
\Gm@bindingoffset=\dimen266
\Gm@wd@mp=\dimen267
\Gm@odd@mp=\dimen268
\Gm@even@mp=\dimen269
\Gm@layoutwidth=\dimen270
\Gm@layoutheight=\dimen271
\Gm@layouthoffset=\dimen272
\Gm@layoutvoffset=\dimen273
\Gm@dimlist=\toks33
) (c:/Users/fagyemang/AppData/Roaming/TinyTeX/texmf-dist/tex/latex/hyperref/hyperref.sty
Package: hyperref 2022-11-13 v7.00u Hypertext links for LaTeX
(c:/Users/fagyemang/AppData/Roaming/TinyTeX/texmf-dist/tex/generic/ltxcmds/ltxcmds.sty
Package: ltxcmds 2020-05-10 v1.25 LaTeX kernel commands for general use (HO)
) (c:/Users/fagyemang/AppData/Roaming/TinyTeX/texmf-dist/tex/generic/pdftexcmds/pdftexcmds.sty
Package: pdftexcmds 2020-06-27 v0.33 Utility functions of pdfTeX for LuaTeX (HO)
(c:/Users/fagyemang/AppData/Roaming/TinyTeX/texmf-dist/tex/generic/infwarerr/infwarerr.sty
Package: infwarerr 2019/12/03 v1.5 Providing info/warning/error messages (HO)
)
Package pdftexcmds Info: \pdf@primitive is available.
Package pdftexcmds Info: \pdf@ifprimitive is available.
Package pdftexcmds Info: \pdfdraftmode found.
) (c:/Users/fagyemang/AppData/Roaming/TinyTeX/texmf-dist/tex/latex/kvsetkeys/kvsetkeys.sty
Package: kvsetkeys 2022-10-05 v1.19 Key value parser (HO)
) (c:/Users/fagyemang/AppData/Roaming/TinyTeX/texmf-dist/tex/generic/kvdefinekeys/kvdefinekeys.sty
Package: kvdefinekeys 2019-12-19 v1.6 Define keys (HO)
) (c:/Users/fagyemang/AppData/Roaming/TinyTeX/texmf-dist/tex/generic/pdfescape/pdfescape.sty
Package: pdfescape 2019/12/09 v1.15 Implements pdfTeX's escape features (HO)
) (c:/Users/fagyemang/AppData/Roaming/TinyTeX/texmf-dist/tex/latex/hycolor/hycolor.sty
Package: hycolor 2020-01-27 v1.10 Color options for hyperref/bookmark (HO)
) (c:/Users/fagyemang/AppData/Roaming/TinyTeX/texmf-dist/tex/latex/letltxmacro/letltxmacro.sty
Package: letltxmacro 2019/12/03 v1.6 Let assignment for LaTeX macros (HO)
) (c:/Users/fagyemang/AppData/Roaming/TinyTeX/texmf-dist/tex/latex/auxhook/auxhook.sty
Package: auxhook 2019-12-17 v1.6 Hooks for auxiliary files (HO)
) (c:/Users/fagyemang/AppData/Roaming/TinyTeX/texmf-dist/tex/latex/hyperref/nameref.sty
Package: nameref 2022-05-17 v2.50 Cross-referencing by name of section
(c:/Users/fagyemang/AppData/Roaming/TinyTeX/texmf-dist/tex/latex/refcount/refcount.sty
Package: refcount 2019/12/15 v3.6 Data extraction from label references (HO)
) (c:/Users/fagyemang/AppData/Roaming/TinyTeX/texmf-dist/tex/generic/gettitlestring/gettitlestring.sty
Package: gettitlestring 2019/12/15 v1.6 Cleanup title references (HO)
(c:/Users/fagyemang/AppData/Roaming/TinyTeX/texmf-dist/tex/latex/kvoptions/kvoptions.sty
Package: kvoptions 2022-06-15 v3.15 Key value format for package options (HO)
))
\c@section@level=\count304
)
\@linkdim=\dimen274
\Hy@linkcounter=\count305
\Hy@pagecounter=\count306
(c:/Users/fagyemang/AppData/Roaming/TinyTeX/texmf-dist/tex/latex/hyperref/pd1enc.def
File: pd1enc.def 2022-11-13 v7.00u Hyperref: PDFDocEncoding definition (HO)
Now handling font encoding PD1 ...
... no UTF-8 mapping file for font encoding PD1
) (c:/Users/fagyemang/AppData/Roaming/TinyTeX/texmf-dist/tex/generic/intcalc/intcalc.sty
Package: intcalc 2019/12/15 v1.3 Expandable calculations with integers (HO)
) (c:/Users/fagyemang/AppData/Roaming/TinyTeX/texmf-dist/tex/generic/etexcmds/etexcmds.sty
Package: etexcmds 2019/12/15 v1.7 Avoid name clashes with e-TeX commands (HO)
)
\Hy@SavedSpaceFactor=\count307
(c:/Users/fagyemang/AppData/Roaming/TinyTeX/texmf-dist/tex/latex/hyperref/puenc.def
File: puenc.def 2022-11-13 v7.00u Hyperref: PDF Unicode definition (HO)
Now handling font encoding PU ...
... no UTF-8 mapping file for font encoding PU
)
Package hyperref Info: Option `unicode' set `true' on input line 4045.
Package hyperref Info: Hyper figures OFF on input line 4162.
Package hyperref Info: Link nesting OFF on input line 4167.
Package hyperref Info: Hyper index ON on input line 4170.
Package hyperref Info: Plain pages OFF on input line 4177.
Package hyperref Info: Backreferencing OFF on input line 4182.
Package hyperref Info: Implicit mode ON; LaTeX internals redefined.
Package hyperref Info: Bookmarks ON on input line 4410.
\c@Hy@tempcnt=\count308
LaTeX Info: Redefining \url on input line 4748.
\XeTeXLinkMargin=\dimen275
(c:/Users/fagyemang/AppData/Roaming/TinyTeX/texmf-dist/tex/generic/bitset/bitset.sty
Package: bitset 2019/12/09 v1.3 Handle bit-vector datatype (HO)
(c:/Users/fagyemang/AppData/Roaming/TinyTeX/texmf-dist/tex/generic/bigintcalc/bigintcalc.sty
Package: bigintcalc 2019/12/15 v1.5 Expandable calculations on big integers (HO)
))
\Fld@menulength=\count309
\Field@Width=\dimen276
\Fld@charsize=\dimen277
Package hyperref Info: Hyper figures OFF on input line 6027.
Package hyperref Info: Link nesting OFF on input line 6032.
Package hyperref Info: Hyper index ON on input line 6035.
Package hyperref Info: backreferencing OFF on input line 6042.
Package hyperref Info: Link coloring OFF on input line 6047.
Package hyperref Info: Link coloring with OCG OFF on input line 6052.
Package hyperref Info: PDF/A mode OFF on input line 6057.
(c:/Users/fagyemang/AppData/Roaming/TinyTeX/texmf-dist/tex/latex/base/atbegshi-ltx.sty
Package: atbegshi-ltx 2021/01/10 v1.0c Emulation of the original atbegshi
package with kernel methods
)
\Hy@abspage=\count310
\c@Item=\count311
\c@Hfootnote=\count312
)
Package hyperref Info: Driver (autodetected): hpdftex.
(c:/Users/fagyemang/AppData/Roaming/TinyTeX/texmf-dist/tex/latex/hyperref/hpdftex.def
File: hpdftex.def 2022-11-13 v7.00u Hyperref driver for pdfTeX
(c:/Users/fagyemang/AppData/Roaming/TinyTeX/texmf-dist/tex/latex/base/atveryend-ltx.sty
Package: atveryend-ltx 2020/08/19 v1.0a Emulation of the original atveryend package
with kernel methods
)
\Fld@listcount=\count313
\c@bookmark@seq@number=\count314
(c:/Users/fagyemang/AppData/Roaming/TinyTeX/texmf-dist/tex/latex/rerunfilecheck/rerunfilecheck.sty
Package: rerunfilecheck 2022-07-10 v1.10 Rerun checks for auxiliary files (HO)
(c:/Users/fagyemang/AppData/Roaming/TinyTeX/texmf-dist/tex/generic/uniquecounter/uniquecounter.sty
Package: uniquecounter 2019/12/15 v1.4 Provide unlimited unique counter (HO)
)
Package uniquecounter Info: New unique counter `rerunfilecheck' on input line 285.
)
\Hy@SectionHShift=\skip101
)
Package hyperref Info: Option `breaklinks' set `true' on input line 105.
Package hyperref Info: Option `bookmarksopen' set `true' on input line 105.
(./FrankAgyemangCV.aux)
\openout1 = `FrankAgyemangCV.aux'.

LaTeX Font Info:    Checking defaults for OML/cmm/m/it on input line 105.
LaTeX Font Info:    ... okay on input line 105.
LaTeX Font Info:    Checking defaults for OMS/cmsy/m/n on input line 105.
LaTeX Font Info:    ... okay on input line 105.
LaTeX Font Info:    Checking defaults for OT1/cmr/m/n on input line 105.
LaTeX Font Info:    ... okay on input line 105.
LaTeX Font Info:    Checking defaults for T1/cmr/m/n on input line 105.
LaTeX Font Info:    ... okay on input line 105.
LaTeX Font Info:    Checking defaults for TS1/cmr/m/n on input line 105.
LaTeX Font Info:    ... okay on input line 105.
LaTeX Font Info:    Checking defaults for OMX/cmex/m/n on input line 105.
LaTeX Font Info:    ... okay on input line 105.
LaTeX Font Info:    Checking defaults for U/cmr/m/n on input line 105.
LaTeX Font Info:    ... okay on input line 105.
LaTeX Font Info:    Checking defaults for PD1/pdf/m/n on input line 105.
LaTeX Font Info:    ... okay on input line 105.
LaTeX Font Info:    Checking defaults for PU/pdf/m/n on input line 105.
LaTeX Font Info:    ... okay on input line 105.
(c:/Users/fagyemang/AppData/Roaming/TinyTeX/texmf-dist/tex/latex/epstopdf-pkg/epstopdf-base.sty
Package: epstopdf-base 2020-01-24 v2.11 Base part for package epstopdf
Package epstopdf-base Info: Redefining graphics rule for `.eps' on input line 485.
(c:/Users/fagyemang/AppData/Roaming/TinyTeX/texmf-dist/tex/latex/latexconfig/epstopdf-sys.cfg
File: epstopdf-sys.cfg 2010/07/13 v1.3 Configuration of (r)epstopdf for TeX Live
))
LaTeX Info: Redefining \microtypecontext on input line 105.
Package microtype Info: Applying patch `item' on input line 105.
Package microtype Info: Applying patch `toc' on input line 105.
Package microtype Info: Applying patch `eqnum' on input line 105.
Package microtype Info: Applying patch `footnote' on input line 105.
Package microtype Info: Generating PDF output.
Package microtype Info: Character protrusion enabled (level 2).
Package microtype Info: Using default protrusion set `alltext'.
Package microtype Info: Automatic font expansion enabled (level 2),
(microtype)             stretch: 20, shrink: 20, step: 1, non-selected.
Package microtype Info: Using default expansion set `alltext-nott'.
LaTeX Info: Redefining \showhyphens on input line 105.
Package microtype Info: No adjustment of tracking.
Package microtype Info: No adjustment of interword spacing.
Package microtype Info: No adjustment of character kerning.
Package microtype Info: Loading generic protrusion settings for font family
(microtype)             `cmss' (encoding: OT1).
(microtype)             For optimal results, create family-specific settings.
(microtype)             See the microtype manual for details.
*geometry* driver: auto-detecting
*geometry* detected driver: pdftex
*geometry* verbose mode - [ preamble ] result:
* driver: pdftex
* paper: a4paper
* layout: <same size as paper>
* layoutoffset:(h,v)=(0.0pt,0.0pt)
* modes: 
* h-part:(L,W,R)=(74.68848pt, 448.1309pt, 74.68849pt)
* v-part:(T,H,B)=(84.50467pt, 633.78513pt, 126.75705pt)
* \paperwidth=597.50787pt
* \paperheight=845.04684pt
* \textwidth=448.1309pt
* \textheight=633.78513pt
* \oddsidemargin=2.41849pt
* \evensidemargin=2.41849pt
* \topmargin=-24.76532pt
* \headheight=12.0pt
* \headsep=25.0pt
* \topskip=11.0pt
* \footskip=30.0pt
* \marginparwidth=50.0pt
* \marginparsep=10.0pt
* \columnsep=10.0pt
* \skip\footins=10.0pt plus 4.0pt minus 2.0pt
* \hoffset=0.0pt
* \voffset=0.0pt
* \mag=1000
* \@twocolumnfalse
* \@twosidefalse
* \@mparswitchfalse
* \@reversemarginfalse
* (1in=72.27pt=25.4mm, 1cm=28.453pt)

Package hyperref Info: Link coloring OFF on input line 105.
(./FrankAgyemangCV.out) (./FrankAgyemangCV.out)
\@outlinefile=\write4
\openout4 = `FrankAgyemangCV.out'.

\pagenumberwidth=\skip102
LaTeX Font Info:    Font shape `OT1/cmss/m/it' in size <10.95> not available
(Font)              Font shape `OT1/cmss/m/sl' tried instead on input line 105.
\makecvheadpicturebox=\box72
\makecvheadpicturewidth=\skip103
\makecvheadnamebox=\box73

LaTeX Font Warning: Font shape `OT1/cmss/m/n' in size <38> not available
(Font)              size <24.88> substituted on input line 113.


Underfull \hbox (badness 10000) in paragraph at lines 113--113

 []

(c:/Users/fagyemang/AppData/Roaming/TinyTeX/texmf-dist/tex/latex/microtype/mt-cmr.cfg
File: mt-cmr.cfg 2013/05/19 v2.2 microtype config. file: Computer Modern Roman (RS)
)
LaTeX Font Info:    External font `cmex10' loaded for size
(Font)              <10.95> on input line 117.
LaTeX Font Info:    External font `cmex10' loaded for size
(Font)              <8> on input line 117.
LaTeX Font Info:    External font `cmex10' loaded for size
(Font)              <6> on input line 117.

LaTeX Font Warning: Font shape `OT1/cmss/m/scsl' undefined
(Font)              using `OT1/cmss/m/sc' instead on input line 152.


LaTeX Font Warning: Font shape `OT1/cmss/m/sc' in size <10.95> not available
(Font)              Font shape `OT1/cmr/m/sc' tried instead on input line 152.


LaTeX Font Warning: Font shape `OT1/cmss/m/scsl' undefined
(Font)              using `OT1/cmss/m/sc' instead on input line 170.


LaTeX Font Warning: Font shape `OT1/cmss/m/scsl' undefined
(Font)              using `OT1/cmss/m/sc' instead on input line 187.

LaTeX Font Info:    Trying to load font information for U+fontawesomefree2 on input line 191.
(c:/Users/fagyemang/AppData/Roaming/TinyTeX/texmf-dist/tex/latex/fontawesome5/ufontawesomefree2.fd)
LaTeX Font Info:    Trying to load font information for U+fontawesomefree1 on input line 191.
(c:/Users/fagyemang/AppData/Roaming/TinyTeX/texmf-dist/tex/latex/fontawesome5/ufontawesomefree1.fd)

Package fancyhdr Warning: \footskip is too small (30.0pt): 
(fancyhdr)                Make it at least 40.8pt, for example:
(fancyhdr)                \setlength{\footskip}{40.8pt}.

[1

{c:/Users/fagyemang/AppData/Roaming/TinyTeX/texmf-var/fonts/map/pdftex/updmap/pdftex.map}]
LaTeX Font Info:    Font shape `OT1/cmss/m/it' in size <10> not available
(Font)              Font shape `OT1/cmss/m/sl' tried instead on input line 231.

Package fancyhdr Warning: \footskip is too small (30.0pt): 
(fancyhdr)                Make it at least 40.8pt, for example:
(fancyhdr)                \setlength{\footskip}{40.8pt}.

[2] (./FrankAgyemangCV.aux)

LaTeX Font Warning: Size substitutions with differences
(Font)              up to 13.12pt have occurred.

Package rerunfilecheck Info: File `FrankAgyemangCV.out' has not changed.
(rerunfilecheck)             Checksum: E11039E900146945CC51A22D66BE4F77;1343.
 ) 
Here is how much of TeX's memory you used:
 26002 strings out of 476931
 515443 string characters out of 5823518
 942970 words of memory out of 5000000
 46729 multiletter control sequences out of 15000+600000
 481474 words of font info for 96 fonts, out of 8000000 for 9000
 14 hyphenation exceptions out of 8191
 129i,13n,122p,1129b,503s stack positions out of 10000i,1000n,20000p,200000b,200000s
{c:/Users/fagyemang/AppData/Roaming/TinyTeX/texmf-dist/fonts/enc/dvips/fontawesome5/fa5free1.enc} <c:/Users/fagyemang/AppData/Roaming/TinyTeX/texmf-var/fonts/pk/ljfour/jknappen/ec/tcsl1095.600pk>{c:/Users/fagyemang/AppData/Roaming/TinyTeX/texmf-dist/fonts/enc/dvips/fontawesome5/fa5free2.enc}{c:/Users/fagyemang/AppData/Roaming/TinyTeX/texmf-dist/fonts/enc/dvips/fontawesome5/fa5free0.enc}<c:/Users/fagyemang/AppData/Roaming/TinyTeX/texmf-dist/fonts/type1/public/fontawesome5/FontAwesome5Free-Regular.pfb><c:/Users/fagyemang/AppData/Roaming/TinyTeX/texmf-dist/fonts/type1/public/fontawesome5/FontAwesome5Free-Solid.pfb><c:/Users/fagyemang/AppData/Roaming/TinyTeX/texmf-dist/fonts/type1/public/amsfonts/cm/cmcsc10.pfb><c:/Users/fagyemang/AppData/Roaming/TinyTeX/texmf-dist/fonts/type1/public/amsfonts/cm/cmss10.pfb><c:/Users/fagyemang/AppData/Roaming/TinyTeX/texmf-dist/fonts/type1/public/amsfonts/cm/cmss12.pfb><c:/Users/fagyemang/AppData/Roaming/TinyTeX/texmf-dist/fonts/type1/public/amsfonts/cm/cmss17.pfb><c:/Users/fagyemang/AppData/Roaming/TinyTeX/texmf-dist/fonts/type1/public/amsfonts/cm/cmssbx10.pfb><c:/Users/fagyemang/AppData/Roaming/TinyTeX/texmf-dist/fonts/type1/public/amsfonts/cm/cmssi10.pfb><c:/Users/fagyemang/AppData/Roaming/TinyTeX/texmf-dist/fonts/type1/public/amsfonts/cm/cmssi17.pfb>
Output written on FrankAgyemangCV.pdf (2 pages, 137071 bytes).
PDF statistics:
 130 PDF objects out of 1000 (max. 8388607)
 103 compressed objects within 2 object streams
 14 named destinations out of 1000 (max. 500000)
 41061 words of extra memory for PDF output out of 42996 (max. 10000000)

