This is pdfTeX, Version 3.141592653-2.6-1.40.24 (TeX Live 2022) (preloaded format=pdflatex 2022.11.1)  1 NOV 2022 20:10
entering extended mode
 restricted \write18 enabled.
 %&-line parsing enabled.
**"C:/Users/fagyemang/OneDrive - University of Nebraska-Lincoln/Desktop/Semester 1 Grad/stat 850/hw10-documents-presentations-fagyemang2(original)/FrankAgyemangCV-concordance.tex"
(c:/Users/fagyemang/OneDrive - University of Nebraska-Lincoln/Desktop/Semester 1 Grad/stat 850/hw10-documents-presentations-fagyemang2(original)/FrankAgyemangCV-concordance.tex
LaTeX2e <2022-06-01> patch level 5
L3 programming layer <2022-10-26>
! Undefined control sequence.
l.1 \Sconcordance
                 {concordance:FrankAgyemangCV.tex:FrankAgyemangCV.Rnw:% 
Here is how much of TeX's memory you used:
 18 strings out of 477026
 1041 string characters out of 5826006
 335563 words of memory out of 5000000
 21271 multiletter control sequences out of 15000+600000
 469259 words of font info for 28 fonts, out of 8000000 for 9000
 14 hyphenation exceptions out of 8191
 13i,0n,12p,276b,10s stack positions out of 10000i,1000n,20000p,200000b,200000s

!  ==> Fatal error occurred, no output PDF file produced!
